.\Debug\studiomdl.bsc
.\Debug\studiomdl.ilk
.\Debug\studiomdl.pdb
D:\GitHub\hlalpha-model-compiler\utils\studiomdl\.\Debug\studiomdl.exe
D:\GitHub\hlalpha-model-compiler\utils\studiomdl\.\Debug\studiomdl.exe.intermediate.manifest
D:\GITHUB\HLALPHA-MODEL-COMPILER\UTILS\STUDIOMDL\DEBUG\BMPREAD.OBJ
D:\GITHUB\HLALPHA-MODEL-COMPILER\UTILS\STUDIOMDL\DEBUG\BMPREAD.SBR
D:\GitHub\hlalpha-model-compiler\utils\studiomdl\Debug\BscMake.command.1.tlog
D:\GitHub\hlalpha-model-compiler\utils\studiomdl\Debug\bscmake.read.1.tlog
D:\GitHub\hlalpha-model-compiler\utils\studiomdl\Debug\bscmake.write.1.tlog
D:\GitHub\hlalpha-model-compiler\utils\studiomdl\Debug\cl.command.1.tlog
D:\GitHub\hlalpha-model-compiler\utils\studiomdl\Debug\CL.read.1.tlog
D:\GitHub\hlalpha-model-compiler\utils\studiomdl\Debug\CL.write.1.tlog
D:\GITHUB\HLALPHA-MODEL-COMPILER\UTILS\STUDIOMDL\DEBUG\CMDLIB.OBJ
D:\GITHUB\HLALPHA-MODEL-COMPILER\UTILS\STUDIOMDL\DEBUG\CMDLIB.SBR
D:\GITHUB\HLALPHA-MODEL-COMPILER\UTILS\STUDIOMDL\DEBUG\LBMLIB.OBJ
D:\GITHUB\HLALPHA-MODEL-COMPILER\UTILS\STUDIOMDL\DEBUG\LBMLIB.SBR
D:\GitHub\hlalpha-model-compiler\utils\studiomdl\Debug\link.14276.read.1.tlog
D:\GitHub\hlalpha-model-compiler\utils\studiomdl\Debug\link.14276.write.1.tlog
D:\GitHub\hlalpha-model-compiler\utils\studiomdl\Debug\link.14276-cvtres.read.1.tlog
D:\GitHub\hlalpha-model-compiler\utils\studiomdl\Debug\link.14276-cvtres.write.1.tlog
D:\GitHub\hlalpha-model-compiler\utils\studiomdl\Debug\link.command.1.tlog
D:\GitHub\hlalpha-model-compiler\utils\studiomdl\Debug\link.read.1.tlog
D:\GitHub\hlalpha-model-compiler\utils\studiomdl\Debug\link.write.1.tlog
D:\GitHub\hlalpha-model-compiler\utils\studiomdl\Debug\link-cvtres.read.1.tlog
D:\GitHub\hlalpha-model-compiler\utils\studiomdl\Debug\link-cvtres.write.1.tlog
D:\GITHUB\HLALPHA-MODEL-COMPILER\UTILS\STUDIOMDL\DEBUG\MATHLIB.OBJ
D:\GITHUB\HLALPHA-MODEL-COMPILER\UTILS\STUDIOMDL\DEBUG\MATHLIB.SBR
D:\GitHub\hlalpha-model-compiler\utils\studiomdl\Debug\mt.command.1.tlog
D:\GitHub\hlalpha-model-compiler\utils\studiomdl\Debug\mt.read.1.tlog
D:\GitHub\hlalpha-model-compiler\utils\studiomdl\Debug\mt.write.1.tlog
D:\GitHub\hlalpha-model-compiler\utils\studiomdl\Debug\rc.command.1.tlog
D:\GitHub\hlalpha-model-compiler\utils\studiomdl\Debug\rc.read.1.tlog
D:\GitHub\hlalpha-model-compiler\utils\studiomdl\Debug\rc.write.1.tlog
D:\GITHUB\HLALPHA-MODEL-COMPILER\UTILS\STUDIOMDL\DEBUG\SCRIPLIB.OBJ
D:\GITHUB\HLALPHA-MODEL-COMPILER\UTILS\STUDIOMDL\DEBUG\SCRIPLIB.SBR
D:\GITHUB\HLALPHA-MODEL-COMPILER\UTILS\STUDIOMDL\DEBUG\STUDIOMDL.BSC
D:\GITHUB\HLALPHA-MODEL-COMPILER\UTILS\STUDIOMDL\DEBUG\STUDIOMDL.EXE
D:\GITHUB\HLALPHA-MODEL-COMPILER\UTILS\STUDIOMDL\DEBUG\STUDIOMDL.EXE.EMBED.MANIFEST
D:\GITHUB\HLALPHA-MODEL-COMPILER\UTILS\STUDIOMDL\DEBUG\STUDIOMDL.EXE.EMBED.MANIFEST.RES
D:\GITHUB\HLALPHA-MODEL-COMPILER\UTILS\STUDIOMDL\DEBUG\STUDIOMDL.EXE.INTERMEDIATE.MANIFEST
D:\GITHUB\HLALPHA-MODEL-COMPILER\UTILS\STUDIOMDL\DEBUG\STUDIOMDL.ILK
D:\GITHUB\HLALPHA-MODEL-COMPILER\UTILS\STUDIOMDL\DEBUG\STUDIOMDL.OBJ
D:\GITHUB\HLALPHA-MODEL-COMPILER\UTILS\STUDIOMDL\DEBUG\STUDIOMDL.PDB
D:\GITHUB\HLALPHA-MODEL-COMPILER\UTILS\STUDIOMDL\DEBUG\STUDIOMDL.SBR
D:\GitHub\hlalpha-model-compiler\utils\studiomdl\Debug\studiomdl_manifest.rc
D:\GITHUB\HLALPHA-MODEL-COMPILER\UTILS\STUDIOMDL\DEBUG\TRILIB.OBJ
D:\GITHUB\HLALPHA-MODEL-COMPILER\UTILS\STUDIOMDL\DEBUG\TRILIB.SBR
D:\GITHUB\HLALPHA-MODEL-COMPILER\UTILS\STUDIOMDL\DEBUG\TRISTRIP.OBJ
D:\GITHUB\HLALPHA-MODEL-COMPILER\UTILS\STUDIOMDL\DEBUG\TRISTRIP.SBR
D:\GitHub\hlalpha-model-compiler\utils\studiomdl\Debug\vc100.idb
D:\GITHUB\HLALPHA-MODEL-COMPILER\UTILS\STUDIOMDL\DEBUG\VC100.PDB
D:\GITHUB\HLALPHA-MODEL-COMPILER\UTILS\STUDIOMDL\DEBUG\WRITE.OBJ
D:\GITHUB\HLALPHA-MODEL-COMPILER\UTILS\STUDIOMDL\DEBUG\WRITE.SBR
